<?xml version="1.0" encoding="UTF-8"?>
<!-- Generated by org.testng.reporters.JUnitXMLReporter -->
<testsuite ignored="0" hostname="DESKTOP-UNTQK3F" failures="0" tests="6" name="Default test" time="9.714" errors="0" timestamp="25 Oct 2024 03:18:31 GMT">
  <testcase classname="com.omrbranch.T" name="createFlight" time="5.22"/>
  <testcase classname="com.omrbranch.T" name="singleFlight" time="0.535"/>
  <testcase classname="com.omrbranch.T" name="update" time="0.723"/>
  <testcase classname="com.omrbranch.T" name="updateFlight" time="1.048"/>
  <testcase classname="com.omrbranch.T" name="delete" time="1.112"/>
  <testcase classname="com.omrbranch.T" name="getListFlights" time="1.038"/>
</testsuite> <!-- Default test -->
