<?xml version="1.0" encoding="UTF-8"?>
<!-- Generated by org.testng.reporters.JUnitXMLReporter -->
<testsuite ignored="0" hostname="DESKTOP-UNTQK3F" failures="0" tests="11" name="Default test" time="7.081" errors="0" timestamp="08 Nov 2024 11:06:43 GMT">
  <testcase classname="com.omrbranch.AddAddress.Sample" name="login" time="2.748"/>
  <testcase classname="com.omrbranch.AddAddress.Sample" name="getStateList" time="0.34"/>
  <testcase classname="com.omrbranch.AddAddress.Sample" name="getCityList" time="0.493"/>
  <testcase classname="com.omrbranch.AddAddress.Sample" name="addUserAddress" time="0.446"/>
  <testcase classname="com.omrbranch.AddAddress.Sample" name="updateUserAddress" time="0.366"/>
  <testcase classname="com.omrbranch.AddAddress.Sample" name="getUserAddress" time="0.424"/>
  <testcase classname="com.omrbranch.AddAddress.Sample" name="getDeleteAddress" time="0.407"/>
  <testcase classname="com.omrbranch.AddAddress.Sample" name="getSearchProduct" time="0.334"/>
  <testcase classname="com.omrbranch.AddAddress.Sample" name="CartClear" time="0.338"/>
  <testcase classname="com.omrbranch.AddAddress.Sample" name="getCategoryList" time="0.407"/>
  <testcase classname="com.omrbranch.AddAddress.Sample" name="getProductList" time="0.74"/>
</testsuite> <!-- Default test -->
