<?xml version="1.0" encoding="UTF-8"?>
<testng-results ignored="0" total="11" passed="11" failed="0" skipped="0">
  <reporter-output>
  </reporter-output>
  <suite started-at="2024-11-08T11:06:35Z" name="Default suite" finished-at="2024-11-08T11:06:43Z" duration-ms="7081">
    <groups>
    </groups>
    <test started-at="2024-11-08T11:06:35Z" name="Default test" finished-at="2024-11-08T11:06:43Z" duration-ms="7081">
      <class name="com.omrbranch.AddAddress.Sample">
        <test-method signature="login()[pri:1, instance:com.omrbranch.AddAddress.Sample@73d983ea]" started-at="2024-11-08T11:06:36Z" name="login" finished-at="2024-11-08T11:06:38Z" duration-ms="2748" status="PASS">
          <reporter-output>
          </reporter-output>
        </test-method> <!-- login -->
        <test-method signature="getStateList()[pri:2, instance:com.omrbranch.AddAddress.Sample@73d983ea]" started-at="2024-11-08T11:06:38Z" name="getStateList" finished-at="2024-11-08T11:06:39Z" duration-ms="340" status="PASS">
          <reporter-output>
          </reporter-output>
        </test-method> <!-- getStateList -->
        <test-method signature="getCityList()[pri:3, instance:com.omrbranch.AddAddress.Sample@73d983ea]" started-at="2024-11-08T11:06:39Z" name="getCityList" finished-at="2024-11-08T11:06:39Z" duration-ms="493" status="PASS">
          <reporter-output>
          </reporter-output>
        </test-method> <!-- getCityList -->
        <test-method signature="addUserAddress()[pri:4, instance:com.omrbranch.AddAddress.Sample@73d983ea]" started-at="2024-11-08T11:06:39Z" name="addUserAddress" finished-at="2024-11-08T11:06:40Z" duration-ms="446" status="PASS">
          <reporter-output>
          </reporter-output>
        </test-method> <!-- addUserAddress -->
        <test-method signature="updateUserAddress()[pri:5, instance:com.omrbranch.AddAddress.Sample@73d983ea]" started-at="2024-11-08T11:06:40Z" name="updateUserAddress" finished-at="2024-11-08T11:06:40Z" duration-ms="366" status="PASS">
          <reporter-output>
          </reporter-output>
        </test-method> <!-- updateUserAddress -->
        <test-method signature="getUserAddress()[pri:6, instance:com.omrbranch.AddAddress.Sample@73d983ea]" started-at="2024-11-08T11:06:40Z" name="getUserAddress" finished-at="2024-11-08T11:06:40Z" duration-ms="424" status="PASS">
          <reporter-output>
          </reporter-output>
        </test-method> <!-- getUserAddress -->
        <test-method signature="getDeleteAddress()[pri:7, instance:com.omrbranch.AddAddress.Sample@73d983ea]" started-at="2024-11-08T11:06:40Z" name="getDeleteAddress" finished-at="2024-11-08T11:06:41Z" duration-ms="407" status="PASS">
          <reporter-output>
          </reporter-output>
        </test-method> <!-- getDeleteAddress -->
        <test-method signature="getSearchProduct()[pri:8, instance:com.omrbranch.AddAddress.Sample@73d983ea]" started-at="2024-11-08T11:06:41Z" name="getSearchProduct" finished-at="2024-11-08T11:06:41Z" duration-ms="334" status="PASS">
          <reporter-output>
          </reporter-output>
        </test-method> <!-- getSearchProduct -->
        <test-method signature="CartClear()[pri:9, instance:com.omrbranch.AddAddress.Sample@73d983ea]" started-at="2024-11-08T11:06:41Z" name="CartClear" finished-at="2024-11-08T11:06:41Z" duration-ms="338" status="PASS">
          <reporter-output>
          </reporter-output>
        </test-method> <!-- CartClear -->
        <test-method signature="getCategoryList()[pri:10, instance:com.omrbranch.AddAddress.Sample@73d983ea]" started-at="2024-11-08T11:06:41Z" name="getCategoryList" finished-at="2024-11-08T11:06:42Z" duration-ms="407" status="PASS">
          <reporter-output>
          </reporter-output>
        </test-method> <!-- getCategoryList -->
        <test-method signature="getProductList()[pri:11, instance:com.omrbranch.AddAddress.Sample@73d983ea]" started-at="2024-11-08T11:06:42Z" name="getProductList" finished-at="2024-11-08T11:06:43Z" duration-ms="740" status="PASS">
          <reporter-output>
          </reporter-output>
        </test-method> <!-- getProductList -->
      </class> <!-- com.omrbranch.AddAddress.Sample -->
    </test> <!-- Default test -->
  </suite> <!-- Default suite -->
</testng-results>
