<?xml version="1.0" encoding="UTF-8"?>
<testng-results ignored="0" total="6" passed="6" failed="0" skipped="0">
  <reporter-output>
  </reporter-output>
  <suite started-at="2024-10-25T03:18:21Z" name="Default suite" finished-at="2024-10-25T03:18:31Z" duration-ms="9714">
    <groups>
    </groups>
    <test started-at="2024-10-25T03:18:21Z" name="Default test" finished-at="2024-10-25T03:18:31Z" duration-ms="9714">
      <class name="com.omrbranch.T">
        <test-method signature="createFlight()[pri:1, instance:com.omrbranch.T@3688eb5b]" started-at="2024-10-25T03:18:21Z" name="createFlight" finished-at="2024-10-25T03:18:26Z" duration-ms="5220" status="PASS">
          <reporter-output>
          </reporter-output>
        </test-method> <!-- createFlight -->
        <test-method signature="singleFlight()[pri:2, instance:com.omrbranch.T@3688eb5b]" started-at="2024-10-25T03:18:26Z" name="singleFlight" finished-at="2024-10-25T03:18:27Z" duration-ms="535" status="PASS">
          <reporter-output>
          </reporter-output>
        </test-method> <!-- singleFlight -->
        <test-method signature="update()[pri:3, instance:com.omrbranch.T@3688eb5b]" started-at="2024-10-25T03:18:27Z" name="update" finished-at="2024-10-25T03:18:28Z" duration-ms="723" status="PASS">
          <reporter-output>
          </reporter-output>
        </test-method> <!-- update -->
        <test-method signature="updateFlight()[pri:4, instance:com.omrbranch.T@3688eb5b]" started-at="2024-10-25T03:18:28Z" name="updateFlight" finished-at="2024-10-25T03:18:29Z" duration-ms="1048" status="PASS">
          <reporter-output>
          </reporter-output>
        </test-method> <!-- updateFlight -->
        <test-method signature="delete()[pri:6, instance:com.omrbranch.T@3688eb5b]" started-at="2024-10-25T03:18:29Z" name="delete" finished-at="2024-10-25T03:18:30Z" duration-ms="1112" status="PASS">
          <reporter-output>
          </reporter-output>
        </test-method> <!-- delete -->
        <test-method signature="getListFlights()[pri:7, instance:com.omrbranch.T@3688eb5b]" started-at="2024-10-25T03:18:30Z" name="getListFlights" finished-at="2024-10-25T03:18:31Z" duration-ms="1038" status="PASS">
          <reporter-output>
          </reporter-output>
        </test-method> <!-- getListFlights -->
      </class> <!-- com.omrbranch.T -->
    </test> <!-- Default test -->
  </suite> <!-- Default suite -->
</testng-results>
